2018-03-15 09:54:07.924 DEBUG 77767 --- [main] o.s.w.c.s.StandardServletEnvironment     : Adding [servletConfigInitParams] PropertySource with lowest search precedence
2018-03-15 09:54:07.929 DEBUG 77767 --- [main] o.s.w.c.s.StandardServletEnvironment     : Adding [servletContextInitParams] PropertySource with lowest search precedence
2018-03-15 09:54:07.930 DEBUG 77767 --- [main] o.s.w.c.s.StandardServletEnvironment     : Adding [systemProperties] PropertySource with lowest search precedence
2018-03-15 09:54:07.930 DEBUG 77767 --- [main] o.s.w.c.s.StandardServletEnvironment     : Adding [systemEnvironment] PropertySource with lowest search precedence
2018-03-15 09:54:07.931 DEBUG 77767 --- [main] o.s.w.c.s.StandardServletEnvironment     : Initialized StandardServletEnvironment with PropertySources [servletConfigInitParams,servletContextInitParams,systemProperties,systemEnvironment]
2018-03-15 09:54:08.058  INFO 77767 --- [main] com.fnic.BootApplication                 : Starting BootApplication with PID 77767 (/home/ubuntu/workspace/java/iot-matser/iot-boot/target/iot-boot-1.0-SNAPSHOT.jar started by root in /home/ubuntu/workspace/java/iot-matser/iot-boot/target)
2018-03-15 09:54:08.059 DEBUG 77767 --- [main] com.fnic.BootApplication                 : Running with Spring Boot v1.4.3.RELEASE, Spring v4.3.5.RELEASE
2018-03-15 09:54:08.059  INFO 77767 --- [main] com.fnic.BootApplication                 : The following profiles are active: prod
2018-03-15 09:54:08.146  INFO 77767 --- [main] ationConfigEmbeddedWebApplicationContext : Refreshing org.springframework.boot.context.embedded.AnnotationConfigEmbeddedWebApplicationContext@7cdbc5d3: startup date [Thu Mar 15 09:54:08 UTC 2018]; root of context hierarchy
2018-03-15 09:54:09.742 DEBUG 77767 --- [main] o.s.w.c.s.StandardServletEnvironment     : Adding [applicationConfig: [classpath:/application-prod.yml]] PropertySource with search precedence immediately lower than [applicationConfigurationProperties]
2018-03-15 09:54:09.742 DEBUG 77767 --- [main] o.s.w.c.s.StandardServletEnvironment     : Adding [applicationConfig: [classpath:/application.properties]] PropertySource with search precedence immediately lower than [applicationConfig: [classpath:/application-prod.yml]]
2018-03-15 09:54:09.742 DEBUG 77767 --- [main] o.s.w.c.s.StandardServletEnvironment     : Adding [applicationConfig: [classpath:/application.yml]] PropertySource with search precedence immediately lower than [applicationConfig: [classpath:/application.properties]]
2018-03-15 09:54:09.743 DEBUG 77767 --- [main] o.s.w.c.s.StandardServletEnvironment     : Removing [applicationConfigurationProperties] PropertySource
2018-03-15 09:54:09.743 DEBUG 77767 --- [main] o.s.w.c.s.StandardServletEnvironment     : Removing [defaultProperties] PropertySource
2018-03-15 09:54:09.875  INFO 77767 --- [main] trationDelegate$BeanPostProcessorChecker : Bean 'org.springframework.transaction.annotation.ProxyTransactionManagementConfiguration' of type [class org.springframework.transaction.annotation.ProxyTransactionManagementConfiguration$$EnhancerBySpringCGLIB$$b3a0f6a6] is not eligible for getting processed by all BeanPostProcessors (for example: not eligible for auto-proxying)
2018-03-15 09:54:10.492  INFO 77767 --- [main] s.b.c.e.t.TomcatEmbeddedServletContainer : Tomcat initialized with port(s): 7080 (https)
2018-03-15 09:54:10.515  INFO 77767 --- [main] o.apache.catalina.core.StandardService   : Starting service Tomcat
2018-03-15 09:54:10.516  INFO 77767 --- [main] org.apache.catalina.core.StandardEngine  : Starting Servlet Engine: Apache Tomcat/8.5.6
2018-03-15 09:54:10.630  INFO 77767 --- [localhost-startStop-1] o.a.c.c.C.[Tomcat].[localhost].[/boot]   : Initializing Spring embedded WebApplicationContext
2018-03-15 09:54:10.630 DEBUG 77767 --- [localhost-startStop-1] o.s.web.context.ContextLoader            : Published root WebApplicationContext as ServletContext attribute with name [org.springframework.web.context.WebApplicationContext.ROOT]
2018-03-15 09:54:10.631  INFO 77767 --- [localhost-startStop-1] o.s.web.context.ContextLoader            : Root WebApplicationContext: initialization completed in 2489 ms
2018-03-15 09:54:10.786 DEBUG 77767 --- [localhost-startStop-1] o.s.w.c.s.StandardServletEnvironment     : Adding [servletConfigInitParams] PropertySource with lowest search precedence
2018-03-15 09:54:10.787 DEBUG 77767 --- [localhost-startStop-1] o.s.w.c.s.StandardServletEnvironment     : Adding [servletContextInitParams] PropertySource with lowest search precedence
2018-03-15 09:54:10.789 DEBUG 77767 --- [localhost-startStop-1] o.s.w.c.s.StandardServletEnvironment     : Adding [systemProperties] PropertySource with lowest search precedence
2018-03-15 09:54:10.789 DEBUG 77767 --- [localhost-startStop-1] o.s.w.c.s.StandardServletEnvironment     : Adding [systemEnvironment] PropertySource with lowest search precedence
2018-03-15 09:54:10.789 DEBUG 77767 --- [localhost-startStop-1] o.s.w.c.s.StandardServletEnvironment     : Initialized StandardServletEnvironment with PropertySources [servletConfigInitParams,servletContextInitParams,systemProperties,systemEnvironment]
2018-03-15 09:54:10.809 DEBUG 77767 --- [localhost-startStop-1] o.s.w.c.s.StandardServletEnvironment     : Adding [servletConfigInitParams] PropertySource with lowest search precedence
2018-03-15 09:54:10.809 DEBUG 77767 --- [localhost-startStop-1] o.s.w.c.s.StandardServletEnvironment     : Adding [servletContextInitParams] PropertySource with lowest search precedence
2018-03-15 09:54:10.810 DEBUG 77767 --- [localhost-startStop-1] o.s.w.c.s.StandardServletEnvironment     : Adding [systemProperties] PropertySource with lowest search precedence
2018-03-15 09:54:10.810 DEBUG 77767 --- [localhost-startStop-1] o.s.w.c.s.StandardServletEnvironment     : Adding [systemEnvironment] PropertySource with lowest search precedence
2018-03-15 09:54:10.810 DEBUG 77767 --- [localhost-startStop-1] o.s.w.c.s.StandardServletEnvironment     : Initialized StandardServletEnvironment with PropertySources [servletConfigInitParams,servletContextInitParams,systemProperties,systemEnvironment]
2018-03-15 09:54:10.820 DEBUG 77767 --- [localhost-startStop-1] o.s.w.c.s.StandardServletEnvironment     : Adding [servletConfigInitParams] PropertySource with lowest search precedence
2018-03-15 09:54:10.821 DEBUG 77767 --- [localhost-startStop-1] o.s.w.c.s.StandardServletEnvironment     : Adding [servletContextInitParams] PropertySource with lowest search precedence
2018-03-15 09:54:10.821 DEBUG 77767 --- [localhost-startStop-1] o.s.w.c.s.StandardServletEnvironment     : Adding [systemProperties] PropertySource with lowest search precedence
2018-03-15 09:54:10.821 DEBUG 77767 --- [localhost-startStop-1] o.s.w.c.s.StandardServletEnvironment     : Adding [systemEnvironment] PropertySource with lowest search precedence
2018-03-15 09:54:10.821 DEBUG 77767 --- [localhost-startStop-1] o.s.w.c.s.StandardServletEnvironment     : Initialized StandardServletEnvironment with PropertySources [servletConfigInitParams,servletContextInitParams,systemProperties,systemEnvironment]
2018-03-15 09:54:10.841 DEBUG 77767 --- [localhost-startStop-1] o.s.w.c.s.StandardServletEnvironment     : Adding [servletConfigInitParams] PropertySource with lowest search precedence
2018-03-15 09:54:10.842 DEBUG 77767 --- [localhost-startStop-1] o.s.w.c.s.StandardServletEnvironment     : Adding [servletContextInitParams] PropertySource with lowest search precedence
2018-03-15 09:54:10.842 DEBUG 77767 --- [localhost-startStop-1] o.s.w.c.s.StandardServletEnvironment     : Adding [systemProperties] PropertySource with lowest search precedence
2018-03-15 09:54:10.842 DEBUG 77767 --- [localhost-startStop-1] o.s.w.c.s.StandardServletEnvironment     : Adding [systemEnvironment] PropertySource with lowest search precedence
2018-03-15 09:54:10.843 DEBUG 77767 --- [localhost-startStop-1] o.s.w.c.s.StandardServletEnvironment     : Initialized StandardServletEnvironment with PropertySources [servletConfigInitParams,servletContextInitParams,systemProperties,systemEnvironment]
2018-03-15 09:54:10.863  INFO 77767 --- [localhost-startStop-1] o.s.b.w.servlet.FilterRegistrationBean   : Mapping filter: 'characterEncodingFilter' to: [/*]
2018-03-15 09:54:10.864  INFO 77767 --- [localhost-startStop-1] o.s.b.w.servlet.FilterRegistrationBean   : Mapping filter: 'hiddenHttpMethodFilter' to: [/*]
2018-03-15 09:54:10.864  INFO 77767 --- [localhost-startStop-1] o.s.b.w.servlet.FilterRegistrationBean   : Mapping filter: 'httpPutFormContentFilter' to: [/*]
2018-03-15 09:54:10.865  INFO 77767 --- [localhost-startStop-1] o.s.b.w.servlet.FilterRegistrationBean   : Mapping filter: 'requestContextFilter' to: [/*]
2018-03-15 09:54:10.866 DEBUG 77767 --- [localhost-startStop-1] o.s.w.c.s.StandardServletEnvironment     : Adding [servletConfigInitParams] PropertySource with lowest search precedence
2018-03-15 09:54:10.866 DEBUG 77767 --- [localhost-startStop-1] o.s.w.c.s.StandardServletEnvironment     : Adding [servletContextInitParams] PropertySource with lowest search precedence
2018-03-15 09:54:10.866 DEBUG 77767 --- [localhost-startStop-1] o.s.w.c.s.StandardServletEnvironment     : Adding [systemProperties] PropertySource with lowest search precedence
2018-03-15 09:54:10.867 DEBUG 77767 --- [localhost-startStop-1] o.s.w.c.s.StandardServletEnvironment     : Adding [systemEnvironment] PropertySource with lowest search precedence
2018-03-15 09:54:10.867 DEBUG 77767 --- [localhost-startStop-1] o.s.w.c.s.StandardServletEnvironment     : Initialized StandardServletEnvironment with PropertySources [servletConfigInitParams,servletContextInitParams,systemProperties,systemEnvironment]
2018-03-15 09:54:10.867  INFO 77767 --- [localhost-startStop-1] .s.DelegatingFilterProxyRegistrationBean : Mapping filter: 'springSecurityFilterChain' to: [/*]
2018-03-15 09:54:10.867  INFO 77767 --- [localhost-startStop-1] o.s.b.w.servlet.ServletRegistrationBean  : Mapping servlet: 'dispatcherServlet' to [/]
2018-03-15 09:54:10.907 DEBUG 77767 --- [main] o.s.w.c.s.StandardServletEnvironment     : Replacing [servletContextInitParams] PropertySource with [servletContextInitParams]
2018-03-15 09:54:11.997  WARN 77767 --- [main] f.a.AutowiredAnnotationBeanPostProcessor : Autowired annotation is not supported on static fields: public static java.lang.String com.fnic.sysframe.config.BaseConstants.defaultTenantId
2018-03-15 09:54:11.997  WARN 77767 --- [main] f.a.AutowiredAnnotationBeanPostProcessor : Autowired annotation is not supported on static fields: public static java.lang.String com.fnic.sysframe.config.BaseConstants.defaultPassword
2018-03-15 09:54:12.611 DEBUG 77767 --- [main] o.s.w.c.s.StandardServletEnvironment     : Adding [servletConfigInitParams] PropertySource with lowest search precedence
2018-03-15 09:54:12.612 DEBUG 77767 --- [main] o.s.w.c.s.StandardServletEnvironment     : Adding [servletContextInitParams] PropertySource with lowest search precedence
2018-03-15 09:54:12.612 DEBUG 77767 --- [main] o.s.w.c.s.StandardServletEnvironment     : Adding [systemProperties] PropertySource with lowest search precedence
2018-03-15 09:54:12.612 DEBUG 77767 --- [main] o.s.w.c.s.StandardServletEnvironment     : Adding [systemEnvironment] PropertySource with lowest search precedence
2018-03-15 09:54:12.613 DEBUG 77767 --- [main] o.s.w.c.s.StandardServletEnvironment     : Initialized StandardServletEnvironment with PropertySources [servletConfigInitParams,servletContextInitParams,systemProperties,systemEnvironment]
2018-03-15 09:54:12.629 DEBUG 77767 --- [main] o.s.w.c.s.StandardServletEnvironment     : Adding [servletConfigInitParams] PropertySource with lowest search precedence
2018-03-15 09:54:12.630 DEBUG 77767 --- [main] o.s.w.c.s.StandardServletEnvironment     : Adding [servletContextInitParams] PropertySource with lowest search precedence
2018-03-15 09:54:12.630 DEBUG 77767 --- [main] o.s.w.c.s.StandardServletEnvironment     : Adding [systemProperties] PropertySource with lowest search precedence
2018-03-15 09:54:12.630 DEBUG 77767 --- [main] o.s.w.c.s.StandardServletEnvironment     : Adding [systemEnvironment] PropertySource with lowest search precedence
2018-03-15 09:54:12.630 DEBUG 77767 --- [main] o.s.w.c.s.StandardServletEnvironment     : Initialized StandardServletEnvironment with PropertySources [servletConfigInitParams,servletContextInitParams,systemProperties,systemEnvironment]
2018-03-15 09:54:12.631 DEBUG 77767 --- [main] o.s.w.c.s.StandardServletEnvironment     : Adding [servletConfigInitParams] PropertySource with lowest search precedence
2018-03-15 09:54:12.631 DEBUG 77767 --- [main] o.s.w.c.s.StandardServletEnvironment     : Adding [servletContextInitParams] PropertySource with lowest search precedence
2018-03-15 09:54:12.631 DEBUG 77767 --- [main] o.s.w.c.s.StandardServletEnvironment     : Adding [systemProperties] PropertySource with lowest search precedence
2018-03-15 09:54:12.631 DEBUG 77767 --- [main] o.s.w.c.s.StandardServletEnvironment     : Adding [systemEnvironment] PropertySource with lowest search precedence
2018-03-15 09:54:12.632 DEBUG 77767 --- [main] o.s.w.c.s.StandardServletEnvironment     : Initialized StandardServletEnvironment with PropertySources [servletConfigInitParams,servletContextInitParams,systemProperties,systemEnvironment]
2018-03-15 09:54:12.637 DEBUG 77767 --- [main] o.s.w.c.s.StandardServletEnvironment     : Adding [servletConfigInitParams] PropertySource with lowest search precedence
2018-03-15 09:54:12.638 DEBUG 77767 --- [main] o.s.w.c.s.StandardServletEnvironment     : Adding [servletContextInitParams] PropertySource with lowest search precedence
2018-03-15 09:54:12.638 DEBUG 77767 --- [main] o.s.w.c.s.StandardServletEnvironment     : Adding [systemProperties] PropertySource with lowest search precedence
2018-03-15 09:54:12.638 DEBUG 77767 --- [main] o.s.w.c.s.StandardServletEnvironment     : Adding [systemEnvironment] PropertySource with lowest search precedence
2018-03-15 09:54:12.638 DEBUG 77767 --- [main] o.s.w.c.s.StandardServletEnvironment     : Initialized StandardServletEnvironment with PropertySources [servletConfigInitParams,servletContextInitParams,systemProperties,systemEnvironment]
2018-03-15 09:54:12.654 DEBUG 77767 --- [main] o.s.w.c.s.StandardServletEnvironment     : Adding [servletConfigInitParams] PropertySource with lowest search precedence
2018-03-15 09:54:12.654 DEBUG 77767 --- [main] o.s.w.c.s.StandardServletEnvironment     : Adding [servletContextInitParams] PropertySource with lowest search precedence
2018-03-15 09:54:12.654 DEBUG 77767 --- [main] o.s.w.c.s.StandardServletEnvironment     : Adding [systemProperties] PropertySource with lowest search precedence
2018-03-15 09:54:12.655 DEBUG 77767 --- [main] o.s.w.c.s.StandardServletEnvironment     : Adding [systemEnvironment] PropertySource with lowest search precedence
2018-03-15 09:54:12.655 DEBUG 77767 --- [main] o.s.w.c.s.StandardServletEnvironment     : Initialized StandardServletEnvironment with PropertySources [servletConfigInitParams,servletContextInitParams,systemProperties,systemEnvironment]
2018-03-15 09:54:12.658 DEBUG 77767 --- [main] o.s.w.c.s.StandardServletEnvironment     : Adding [servletConfigInitParams] PropertySource with lowest search precedence
2018-03-15 09:54:12.658 DEBUG 77767 --- [main] o.s.w.c.s.StandardServletEnvironment     : Adding [servletContextInitParams] PropertySource with lowest search precedence
2018-03-15 09:54:12.658 DEBUG 77767 --- [main] o.s.w.c.s.StandardServletEnvironment     : Adding [systemProperties] PropertySource with lowest search precedence
2018-03-15 09:54:12.658 DEBUG 77767 --- [main] o.s.w.c.s.StandardServletEnvironment     : Adding [systemEnvironment] PropertySource with lowest search precedence
2018-03-15 09:54:12.658 DEBUG 77767 --- [main] o.s.w.c.s.StandardServletEnvironment     : Initialized StandardServletEnvironment with PropertySources [servletConfigInitParams,servletContextInitParams,systemProperties,systemEnvironment]
2018-03-15 09:54:12.675 DEBUG 77767 --- [main] o.s.w.c.s.StandardServletEnvironment     : Adding [servletConfigInitParams] PropertySource with lowest search precedence
2018-03-15 09:54:12.675 DEBUG 77767 --- [main] o.s.w.c.s.StandardServletEnvironment     : Adding [servletContextInitParams] PropertySource with lowest search precedence
2018-03-15 09:54:12.676 DEBUG 77767 --- [main] o.s.w.c.s.StandardServletEnvironment     : Adding [systemProperties] PropertySource with lowest search precedence
2018-03-15 09:54:12.676 DEBUG 77767 --- [main] o.s.w.c.s.StandardServletEnvironment     : Adding [systemEnvironment] PropertySource with lowest search precedence
2018-03-15 09:54:12.676 DEBUG 77767 --- [main] o.s.w.c.s.StandardServletEnvironment     : Initialized StandardServletEnvironment with PropertySources [servletConfigInitParams,servletContextInitParams,systemProperties,systemEnvironment]
2018-03-15 09:54:12.685 DEBUG 77767 --- [main] o.s.w.c.s.StandardServletEnvironment     : Adding [servletConfigInitParams] PropertySource with lowest search precedence
2018-03-15 09:54:12.685 DEBUG 77767 --- [main] o.s.w.c.s.StandardServletEnvironment     : Adding [servletContextInitParams] PropertySource with lowest search precedence
2018-03-15 09:54:12.686 DEBUG 77767 --- [main] o.s.w.c.s.StandardServletEnvironment     : Adding [systemProperties] PropertySource with lowest search precedence
2018-03-15 09:54:12.686 DEBUG 77767 --- [main] o.s.w.c.s.StandardServletEnvironment     : Adding [systemEnvironment] PropertySource with lowest search precedence
2018-03-15 09:54:12.686 DEBUG 77767 --- [main] o.s.w.c.s.StandardServletEnvironment     : Initialized StandardServletEnvironment with PropertySources [servletConfigInitParams,servletContextInitParams,systemProperties,systemEnvironment]
2018-03-15 09:54:12.696 DEBUG 77767 --- [main] o.s.w.c.s.StandardServletEnvironment     : Adding [servletConfigInitParams] PropertySource with lowest search precedence
2018-03-15 09:54:12.696 DEBUG 77767 --- [main] o.s.w.c.s.StandardServletEnvironment     : Adding [servletContextInitParams] PropertySource with lowest search precedence
2018-03-15 09:54:12.697 DEBUG 77767 --- [main] o.s.w.c.s.StandardServletEnvironment     : Adding [systemProperties] PropertySource with lowest search precedence
2018-03-15 09:54:12.697 DEBUG 77767 --- [main] o.s.w.c.s.StandardServletEnvironment     : Adding [systemEnvironment] PropertySource with lowest search precedence
2018-03-15 09:54:12.697 DEBUG 77767 --- [main] o.s.w.c.s.StandardServletEnvironment     : Initialized StandardServletEnvironment with PropertySources [servletConfigInitParams,servletContextInitParams,systemProperties,systemEnvironment]
2018-03-15 09:54:12.703 DEBUG 77767 --- [main] o.s.w.c.s.StandardServletEnvironment     : Adding [servletConfigInitParams] PropertySource with lowest search precedence
2018-03-15 09:54:12.703 DEBUG 77767 --- [main] o.s.w.c.s.StandardServletEnvironment     : Adding [servletContextInitParams] PropertySource with lowest search precedence
2018-03-15 09:54:12.704 DEBUG 77767 --- [main] o.s.w.c.s.StandardServletEnvironment     : Adding [systemProperties] PropertySource with lowest search precedence
2018-03-15 09:54:12.704 DEBUG 77767 --- [main] o.s.w.c.s.StandardServletEnvironment     : Adding [systemEnvironment] PropertySource with lowest search precedence
2018-03-15 09:54:12.704 DEBUG 77767 --- [main] o.s.w.c.s.StandardServletEnvironment     : Initialized StandardServletEnvironment with PropertySources [servletConfigInitParams,servletContextInitParams,systemProperties,systemEnvironment]
2018-03-15 09:54:12.709 DEBUG 77767 --- [main] o.s.w.c.s.StandardServletEnvironment     : Adding [servletConfigInitParams] PropertySource with lowest search precedence
2018-03-15 09:54:12.710 DEBUG 77767 --- [main] o.s.w.c.s.StandardServletEnvironment     : Adding [servletContextInitParams] PropertySource with lowest search precedence
2018-03-15 09:54:12.710 DEBUG 77767 --- [main] o.s.w.c.s.StandardServletEnvironment     : Adding [systemProperties] PropertySource with lowest search precedence
2018-03-15 09:54:12.710 DEBUG 77767 --- [main] o.s.w.c.s.StandardServletEnvironment     : Adding [systemEnvironment] PropertySource with lowest search precedence
2018-03-15 09:54:12.710 DEBUG 77767 --- [main] o.s.w.c.s.StandardServletEnvironment     : Initialized StandardServletEnvironment with PropertySources [servletConfigInitParams,servletContextInitParams,systemProperties,systemEnvironment]
2018-03-15 09:54:12.715 DEBUG 77767 --- [main] o.s.w.c.s.StandardServletEnvironment     : Adding [servletConfigInitParams] PropertySource with lowest search precedence
2018-03-15 09:54:12.716 DEBUG 77767 --- [main] o.s.w.c.s.StandardServletEnvironment     : Adding [servletContextInitParams] PropertySource with lowest search precedence
2018-03-15 09:54:12.716 DEBUG 77767 --- [main] o.s.w.c.s.StandardServletEnvironment     : Adding [systemProperties] PropertySource with lowest search precedence
2018-03-15 09:54:12.716 DEBUG 77767 --- [main] o.s.w.c.s.StandardServletEnvironment     : Adding [systemEnvironment] PropertySource with lowest search precedence
2018-03-15 09:54:12.716 DEBUG 77767 --- [main] o.s.w.c.s.StandardServletEnvironment     : Initialized StandardServletEnvironment with PropertySources [servletConfigInitParams,servletContextInitParams,systemProperties,systemEnvironment]
2018-03-15 09:54:12.733 DEBUG 77767 --- [main] o.s.w.c.s.StandardServletEnvironment     : Adding [servletConfigInitParams] PropertySource with lowest search precedence
2018-03-15 09:54:12.734 DEBUG 77767 --- [main] o.s.w.c.s.StandardServletEnvironment     : Adding [servletContextInitParams] PropertySource with lowest search precedence
2018-03-15 09:54:12.734 DEBUG 77767 --- [main] o.s.w.c.s.StandardServletEnvironment     : Adding [systemProperties] PropertySource with lowest search precedence
2018-03-15 09:54:12.734 DEBUG 77767 --- [main] o.s.w.c.s.StandardServletEnvironment     : Adding [systemEnvironment] PropertySource with lowest search precedence
2018-03-15 09:54:12.734 DEBUG 77767 --- [main] o.s.w.c.s.StandardServletEnvironment     : Initialized StandardServletEnvironment with PropertySources [servletConfigInitParams,servletContextInitParams,systemProperties,systemEnvironment]
2018-03-15 09:54:12.748 DEBUG 77767 --- [main] edFilterInvocationSecurityMetadataSource : Adding web access control expression 'permitAll', for ExactUrl [processUrl='/error']
2018-03-15 09:54:12.749 DEBUG 77767 --- [main] edFilterInvocationSecurityMetadataSource : Adding web access control expression 'permitAll', for ExactUrl [processUrl='/login']
2018-03-15 09:54:12.749 DEBUG 77767 --- [main] edFilterInvocationSecurityMetadataSource : Adding web access control expression 'permitAll', for ExactUrl [processUrl='/login']
2018-03-15 09:54:12.750 DEBUG 77767 --- [main] edFilterInvocationSecurityMetadataSource : Adding web access control expression 'permitAll', for OrRequestMatcher [requestMatchers=[Ant [pattern='/logout', GET], Ant [pattern='/logout', POST], Ant [pattern='/logout', PUT], Ant [pattern='/logout', DELETE]]]
2018-03-15 09:54:12.750 DEBUG 77767 --- [main] edFilterInvocationSecurityMetadataSource : Adding web access control expression 'permitAll', for ExactUrl [processUrl='/logout/success']
2018-03-15 09:54:12.750 DEBUG 77767 --- [main] edFilterInvocationSecurityMetadataSource : Adding web access control expression 'permitAll', for Ant [pattern='/']
2018-03-15 09:54:12.750 DEBUG 77767 --- [main] edFilterInvocationSecurityMetadataSource : Adding web access control expression 'permitAll', for Ant [pattern='/login']
2018-03-15 09:54:12.750 DEBUG 77767 --- [main] edFilterInvocationSecurityMetadataSource : Adding web access control expression 'permitAll', for Ant [pattern='/index']
2018-03-15 09:54:12.751 DEBUG 77767 --- [main] edFilterInvocationSecurityMetadataSource : Adding web access control expression 'permitAll', for Ant [pattern='/assets/**']
2018-03-15 09:54:12.751 DEBUG 77767 --- [main] edFilterInvocationSecurityMetadataSource : Adding web access control expression 'permitAll', for Ant [pattern='/static/**']
2018-03-15 09:54:12.751 DEBUG 77767 --- [main] edFilterInvocationSecurityMetadataSource : Adding web access control expression 'permitAll', for Ant [pattern='/*.js']
2018-03-15 09:54:12.751 DEBUG 77767 --- [main] edFilterInvocationSecurityMetadataSource : Adding web access control expression 'permitAll', for Ant [pattern='/*.css']
2018-03-15 09:54:12.751 DEBUG 77767 --- [main] edFilterInvocationSecurityMetadataSource : Adding web access control expression 'permitAll', for Ant [pattern='/*.map']
2018-03-15 09:54:12.751 DEBUG 77767 --- [main] edFilterInvocationSecurityMetadataSource : Adding web access control expression 'authenticated', for org.springframework.security.web.util.matcher.AnyRequestMatcher@1
2018-03-15 09:54:12.762 DEBUG 77767 --- [main] o.s.s.w.a.i.FilterSecurityInterceptor    : Validated configuration attributes
2018-03-15 09:54:12.764 DEBUG 77767 --- [main] o.s.s.w.a.i.FilterSecurityInterceptor    : Validated configuration attributes
2018-03-15 09:54:12.778  INFO 77767 --- [main] o.s.s.web.DefaultSecurityFilterChain     : Creating filter chain: org.springframework.security.web.util.matcher.AnyRequestMatcher@1, [org.springframework.security.web.context.request.async.WebAsyncManagerIntegrationFilter@fa36558, org.springframework.security.web.context.SecurityContextPersistenceFilter@37883b97, org.springframework.security.web.header.HeaderWriterFilter@3af9c5b7, org.springframework.security.web.authentication.logout.LogoutFilter@38e79ae3, com.fnic.sysframe.security.CustomUsernamePasswordAuthenticationFilter@672872e1, org.springframework.security.web.authentication.UsernamePasswordAuthenticationFilter@76ed1b7c, org.springframework.security.web.authentication.ui.DefaultLoginPageGeneratingFilter@6f45df59, com.fnic.sysframe.security.JWTAuthenticationFilter@32910148, org.springframework.security.web.savedrequest.RequestCacheAwareFilter@4e3958e7, org.springframework.security.web.servletapi.SecurityContextHolderAwareRequestFilter@1dac5ef, org.springframework.security.web.authentication.AnonymousAuthenticationFilter@3f56875e, org.springframework.security.web.session.SessionManagementFilter@ed7f8b4, org.springframework.security.web.access.ExceptionTranslationFilter@e4487af, org.springframework.security.web.access.intercept.FilterSecurityInterceptor@6a03bcb1]
2018-03-15 09:54:12.779 DEBUG 77767 --- [main] o.s.w.c.s.StandardServletEnvironment     : Adding [servletConfigInitParams] PropertySource with lowest search precedence
2018-03-15 09:54:12.780 DEBUG 77767 --- [main] o.s.w.c.s.StandardServletEnvironment     : Adding [servletContextInitParams] PropertySource with lowest search precedence
2018-03-15 09:54:12.780 DEBUG 77767 --- [main] o.s.w.c.s.StandardServletEnvironment     : Adding [systemProperties] PropertySource with lowest search precedence
2018-03-15 09:54:12.780 DEBUG 77767 --- [main] o.s.w.c.s.StandardServletEnvironment     : Adding [systemEnvironment] PropertySource with lowest search precedence
2018-03-15 09:54:12.780 DEBUG 77767 --- [main] o.s.w.c.s.StandardServletEnvironment     : Initialized StandardServletEnvironment with PropertySources [servletConfigInitParams,servletContextInitParams,systemProperties,systemEnvironment]
2018-03-15 09:54:13.008  INFO 77767 --- [main] s.w.s.m.m.a.RequestMappingHandlerAdapter : Looking for @ControllerAdvice: org.springframework.boot.context.embedded.AnnotationConfigEmbeddedWebApplicationContext@7cdbc5d3: startup date [Thu Mar 15 09:54:08 UTC 2018]; root of context hierarchy
2018-03-15 09:54:13.079 DEBUG 77767 --- [main] s.w.s.m.m.a.RequestMappingHandlerMapping : Looking for request mappings in application context: org.springframework.boot.context.embedded.AnnotationConfigEmbeddedWebApplicationContext@7cdbc5d3: startup date [Thu Mar 15 09:54:08 UTC 2018]; root of context hierarchy
2018-03-15 09:54:13.092 DEBUG 77767 --- [main] s.w.s.m.m.a.RequestMappingHandlerMapping : 4 request handler methods found on class com.fnic.controller.LoginController: {public com.fnic.bean.RspBean com.fnic.controller.LoginController.loginSuccess() throws java.lang.Exception={[/login/success]}, public com.fnic.bean.RspBean com.fnic.controller.LoginController.logoutSuccess() throws java.lang.Exception={[/logout/success]}, public com.fnic.bean.RspBean com.fnic.controller.LoginController.register(com.fnic.bean.ReqBean) throws java.lang.Exception={[/register]}, public com.fnic.bean.RspBean com.fnic.controller.LoginController.test(com.fnic.bean.ReqBean) throws java.lang.Exception={[/wchatLogin]}}
2018-03-15 09:54:13.092  INFO 77767 --- [main] s.w.s.m.m.a.RequestMappingHandlerMapping : Mapped "{[/login/success]}" onto public com.fnic.bean.RspBean com.fnic.controller.LoginController.loginSuccess() throws java.lang.Exception
2018-03-15 09:54:13.093  INFO 77767 --- [main] s.w.s.m.m.a.RequestMappingHandlerMapping : Mapped "{[/logout/success]}" onto public com.fnic.bean.RspBean com.fnic.controller.LoginController.logoutSuccess() throws java.lang.Exception
2018-03-15 09:54:13.094  INFO 77767 --- [main] s.w.s.m.m.a.RequestMappingHandlerMapping : Mapped "{[/register]}" onto public com.fnic.bean.RspBean com.fnic.controller.LoginController.register(com.fnic.bean.ReqBean) throws java.lang.Exception
2018-03-15 09:54:13.094  INFO 77767 --- [main] s.w.s.m.m.a.RequestMappingHandlerMapping : Mapped "{[/wchatLogin]}" onto public com.fnic.bean.RspBean com.fnic.controller.LoginController.test(com.fnic.bean.ReqBean) throws java.lang.Exception
2018-03-15 09:54:13.096 DEBUG 77767 --- [main] s.w.s.m.m.a.RequestMappingHandlerMapping : 2 request handler methods found on class com.fnic.controller.DeviceController: {public com.fnic.bean.RspBean com.fnic.controller.DeviceController.queryDevices(com.fnic.bean.ReqBean)={[/device/queryDevices]}, public com.fnic.bean.RspBean com.fnic.controller.DeviceController.queryDeviceInfo(com.fnic.bean.ReqBean)={[/device/queryDeviceInfo]}}
2018-03-15 09:54:13.096  INFO 77767 --- [main] s.w.s.m.m.a.RequestMappingHandlerMapping : Mapped "{[/device/queryDevices]}" onto public com.fnic.bean.RspBean com.fnic.controller.DeviceController.queryDevices(com.fnic.bean.ReqBean)
2018-03-15 09:54:13.097  INFO 77767 --- [main] s.w.s.m.m.a.RequestMappingHandlerMapping : Mapped "{[/device/queryDeviceInfo]}" onto public com.fnic.bean.RspBean com.fnic.controller.DeviceController.queryDeviceInfo(com.fnic.bean.ReqBean)
2018-03-15 09:54:13.099 DEBUG 77767 --- [main] s.w.s.m.m.a.RequestMappingHandlerMapping : 2 request handler methods found on class org.springframework.boot.autoconfigure.web.BasicErrorController: {public org.springframework.web.servlet.ModelAndView org.springframework.boot.autoconfigure.web.BasicErrorController.errorHtml(javax.servlet.http.HttpServletRequest,javax.servlet.http.HttpServletResponse)={[/error],produces=[text/html]}, public org.springframework.http.ResponseEntity org.springframework.boot.autoconfigure.web.BasicErrorController.error(javax.servlet.http.HttpServletRequest)={[/error]}}
2018-03-15 09:54:13.099  INFO 77767 --- [main] s.w.s.m.m.a.RequestMappingHandlerMapping : Mapped "{[/error],produces=[text/html]}" onto public org.springframework.web.servlet.ModelAndView org.springframework.boot.autoconfigure.web.BasicErrorController.errorHtml(javax.servlet.http.HttpServletRequest,javax.servlet.http.HttpServletResponse)
2018-03-15 09:54:13.099  INFO 77767 --- [main] s.w.s.m.m.a.RequestMappingHandlerMapping : Mapped "{[/error]}" onto public org.springframework.http.ResponseEntity<java.util.Map<java.lang.String, java.lang.Object>> org.springframework.boot.autoconfigure.web.BasicErrorController.error(javax.servlet.http.HttpServletRequest)
2018-03-15 09:54:13.117  INFO 77767 --- [main] o.s.w.s.handler.SimpleUrlHandlerMapping  : Mapped URL path [/login] onto handler of type [class org.springframework.web.servlet.mvc.ParameterizableViewController]
2018-03-15 09:54:13.117  INFO 77767 --- [main] o.s.w.s.handler.SimpleUrlHandlerMapping  : Mapped URL path [/index] onto handler of type [class org.springframework.web.servlet.mvc.ParameterizableViewController]
2018-03-15 09:54:13.125 DEBUG 77767 --- [main] o.s.w.s.h.BeanNameUrlHandlerMapping      : Looking for URL mappings in application context: org.springframework.boot.context.embedded.AnnotationConfigEmbeddedWebApplicationContext@7cdbc5d3: startup date [Thu Mar 15 09:54:08 UTC 2018]; root of context hierarchy
2018-03-15 09:54:13.125 DEBUG 77767 --- [main] o.s.w.s.h.BeanNameUrlHandlerMapping      : Rejected bean name 'org.springframework.context.annotation.internalConfigurationAnnotationProcessor': no URL paths identified
2018-03-15 09:54:13.125 DEBUG 77767 --- [main] o.s.w.s.h.BeanNameUrlHandlerMapping      : Rejected bean name 'org.springframework.context.annotation.internalAutowiredAnnotationProcessor': no URL paths identified
2018-03-15 09:54:13.126 DEBUG 77767 --- [main] o.s.w.s.h.BeanNameUrlHandlerMapping      : Rejected bean name 'org.springframework.context.annotation.internalRequiredAnnotationProcessor': no URL paths identified
2018-03-15 09:54:13.126 DEBUG 77767 --- [main] o.s.w.s.h.BeanNameUrlHandlerMapping      : Rejected bean name 'org.springframework.context.annotation.internalCommonAnnotationProcessor': no URL paths identified
2018-03-15 09:54:13.126 DEBUG 77767 --- [main] o.s.w.s.h.BeanNameUrlHandlerMapping      : Rejected bean name 'org.springframework.context.event.internalEventListenerProcessor': no URL paths identified
2018-03-15 09:54:13.126 DEBUG 77767 --- [main] o.s.w.s.h.BeanNameUrlHandlerMapping      : Rejected bean name 'org.springframework.context.event.internalEventListenerFactory': no URL paths identified
2018-03-15 09:54:13.126 DEBUG 77767 --- [main] o.s.w.s.h.BeanNameUrlHandlerMapping      : Rejected bean name 'bootApplication': no URL paths identified
2018-03-15 09:54:13.126 DEBUG 77767 --- [main] o.s.w.s.h.BeanNameUrlHandlerMapping      : Rejected bean name 'org.springframework.boot.autoconfigure.internalCachingMetadataReaderFactory': no URL paths identified
2018-03-15 09:54:13.126 DEBUG 77767 --- [main] o.s.w.s.h.BeanNameUrlHandlerMapping      : Rejected bean name 'deviceServiceImpl': no URL paths identified
2018-03-15 09:54:13.126 DEBUG 77767 --- [main] o.s.w.s.h.BeanNameUrlHandlerMapping      : Rejected bean name 'customerServiceImpl': no URL paths identified
2018-03-15 09:54:13.126 DEBUG 77767 --- [main] o.s.w.s.h.BeanNameUrlHandlerMapping      : Rejected bean name 'configSettings': no URL paths identified
2018-03-15 09:54:13.127 DEBUG 77767 --- [main] o.s.w.s.h.BeanNameUrlHandlerMapping      : Rejected bean name 'webMvcConfig': no URL paths identified
2018-03-15 09:54:13.127 DEBUG 77767 --- [main] o.s.w.s.h.BeanNameUrlHandlerMapping      : Rejected bean name 'baseConstants': no URL paths identified
2018-03-15 09:54:13.127 DEBUG 77767 --- [main] o.s.w.s.h.BeanNameUrlHandlerMapping      : Rejected bean name 'iotDataSource': no URL paths identified
2018-03-15 09:54:13.127 DEBUG 77767 --- [main] o.s.w.s.h.BeanNameUrlHandlerMapping      : Rejected bean name 'webSecurityConfig': no URL paths identified
2018-03-15 09:54:13.127 DEBUG 77767 --- [main] o.s.w.s.h.BeanNameUrlHandlerMapping      : Rejected bean name 'thingsboardDataSource': no URL paths identified
2018-03-15 09:54:13.127 DEBUG 77767 --- [main] o.s.w.s.h.BeanNameUrlHandlerMapping      : Rejected bean name 'springBeanService': no URL paths identified
2018-03-15 09:54:13.127 DEBUG 77767 --- [main] o.s.w.s.h.BeanNameUrlHandlerMapping      : Rejected bean name 'loginController': no URL paths identified
2018-03-15 09:54:13.127 DEBUG 77767 --- [main] o.s.w.s.h.BeanNameUrlHandlerMapping      : Rejected bean name 'deviceController': no URL paths identified
2018-03-15 09:54:13.127 DEBUG 77767 --- [main] o.s.w.s.h.BeanNameUrlHandlerMapping      : Rejected bean name 'iDataSource': no URL paths identified
2018-03-15 09:54:13.127 DEBUG 77767 --- [main] o.s.w.s.h.BeanNameUrlHandlerMapping      : Rejected bean name 'iotSessionFactory': no URL paths identified
2018-03-15 09:54:13.127 DEBUG 77767 --- [main] o.s.w.s.h.BeanNameUrlHandlerMapping      : Rejected bean name 'iotTransactionManager': no URL paths identified
2018-03-15 09:54:13.127 DEBUG 77767 --- [main] o.s.w.s.h.BeanNameUrlHandlerMapping      : Rejected bean name 'iotSqlSessionTemplate': no URL paths identified
2018-03-15 09:54:13.128 DEBUG 77767 --- [main] o.s.w.s.h.BeanNameUrlHandlerMapping      : Rejected bean name 'TUserMapper': no URL paths identified
2018-03-15 09:54:13.128 DEBUG 77767 --- [main] o.s.w.s.h.BeanNameUrlHandlerMapping      : Rejected bean name 'org.springframework.security.config.annotation.authentication.configuration.AuthenticationConfiguration': no URL paths identified
2018-03-15 09:54:13.128 DEBUG 77767 --- [main] o.s.w.s.h.BeanNameUrlHandlerMapping      : Rejected bean name 'authenticationManagerBuilder': no URL paths identified
2018-03-15 09:54:13.128 DEBUG 77767 --- [main] o.s.w.s.h.BeanNameUrlHandlerMapping      : Rejected bean name 'enableGlobalAuthenticationAutowiredConfigurer': no URL paths identified
2018-03-15 09:54:13.128 DEBUG 77767 --- [main] o.s.w.s.h.BeanNameUrlHandlerMapping      : Rejected bean name 'initializeUserDetailsBeanManagerConfigurer': no URL paths identified
2018-03-15 09:54:13.128 DEBUG 77767 --- [main] o.s.w.s.h.BeanNameUrlHandlerMapping      : Rejected bean name 'initializeAuthenticationProviderBeanManagerConfigurer': no URL paths identified
2018-03-15 09:54:13.128 DEBUG 77767 --- [main] o.s.w.s.h.BeanNameUrlHandlerMapping      : Rejected bean name 'org.springframework.security.config.annotation.web.configuration.WebSecurityConfiguration': no URL paths identified
2018-03-15 09:54:13.128 DEBUG 77767 --- [main] o.s.w.s.h.BeanNameUrlHandlerMapping      : Rejected bean name 'delegatingApplicationListener': no URL paths identified
2018-03-15 09:54:13.128 DEBUG 77767 --- [main] o.s.w.s.h.BeanNameUrlHandlerMapping      : Rejected bean name 'webSecurityExpressionHandler': no URL paths identified
2018-03-15 09:54:13.129 DEBUG 77767 --- [main] o.s.w.s.h.BeanNameUrlHandlerMapping      : Rejected bean name 'springSecurityFilterChain': no URL paths identified
2018-03-15 09:54:13.129 DEBUG 77767 --- [main] o.s.w.s.h.BeanNameUrlHandlerMapping      : Rejected bean name 'privilegeEvaluator': no URL paths identified
2018-03-15 09:54:13.129 DEBUG 77767 --- [main] o.s.w.s.h.BeanNameUrlHandlerMapping      : Rejected bean name 'autowiredWebSecurityConfigurersIgnoreParents': no URL paths identified
2018-03-15 09:54:13.129 DEBUG 77767 --- [main] o.s.w.s.h.BeanNameUrlHandlerMapping      : Rejected bean name 'org.springframework.security.config.annotation.configuration.ObjectPostProcessorConfiguration': no URL paths identified
2018-03-15 09:54:13.129 DEBUG 77767 --- [main] o.s.w.s.h.BeanNameUrlHandlerMapping      : Rejected bean name 'objectPostProcessor': no URL paths identified
2018-03-15 09:54:13.129 DEBUG 77767 --- [main] o.s.w.s.h.BeanNameUrlHandlerMapping      : Rejected bean name 'org.springframework.security.config.annotation.web.configuration.WebMvcSecurityConfiguration': no URL paths identified
2018-03-15 09:54:13.129 DEBUG 77767 --- [main] o.s.w.s.h.BeanNameUrlHandlerMapping      : Rejected bean name 'requestDataValueProcessor': no URL paths identified
2018-03-15 09:54:13.129 DEBUG 77767 --- [main] o.s.w.s.h.BeanNameUrlHandlerMapping      : Rejected bean name 'customUserService': no URL paths identified
2018-03-15 09:54:13.129 DEBUG 77767 --- [main] o.s.w.s.h.BeanNameUrlHandlerMapping      : Rejected bean name 'tbDataSource': no URL paths identified
2018-03-15 09:54:13.129 DEBUG 77767 --- [main] o.s.w.s.h.BeanNameUrlHandlerMapping      : Rejected bean name 'thingsboardSessionFactory': no URL paths identified
2018-03-15 09:54:13.129 DEBUG 77767 --- [main] o.s.w.s.h.BeanNameUrlHandlerMapping      : Rejected bean name 'thingsboardTransactionManager': no URL paths identified
2018-03-15 09:54:13.129 DEBUG 77767 --- [main] o.s.w.s.h.BeanNameUrlHandlerMapping      : Rejected bean name 'thingsboardSqlSessionTemplate': no URL paths identified
2018-03-15 09:54:13.129 DEBUG 77767 --- [main] o.s.w.s.h.BeanNameUrlHandlerMapping      : Rejected bean name 'userCredentialsMapper': no URL paths identified
2018-03-15 09:54:13.130 DEBUG 77767 --- [main] o.s.w.s.h.BeanNameUrlHandlerMapping      : Rejected bean name 'assetMapper': no URL paths identified
2018-03-15 09:54:13.130 DEBUG 77767 --- [main] o.s.w.s.h.BeanNameUrlHandlerMapping      : Rejected bean name 'relationMapper': no URL paths identified
2018-03-15 09:54:13.130 DEBUG 77767 --- [main] o.s.w.s.h.BeanNameUrlHandlerMapping      : Rejected bean name 'attributeKvMapper': no URL paths identified
2018-03-15 09:54:13.130 DEBUG 77767 --- [main] o.s.w.s.h.BeanNameUrlHandlerMapping      : Rejected bean name 'tsKvLatestMapper': no URL paths identified
2018-03-15 09:54:13.130 DEBUG 77767 --- [main] o.s.w.s.h.BeanNameUrlHandlerMapping      : Rejected bean name 'customerMapper': no URL paths identified
2018-03-15 09:54:13.130 DEBUG 77767 --- [main] o.s.w.s.h.BeanNameUrlHandlerMapping      : Rejected bean name 'tenantMapper': no URL paths identified
2018-03-15 09:54:13.130 DEBUG 77767 --- [main] o.s.w.s.h.BeanNameUrlHandlerMapping      : Rejected bean name 'ruleMapper': no URL paths identified
2018-03-15 09:54:13.130 DEBUG 77767 --- [main] o.s.w.s.h.BeanNameUrlHandlerMapping      : Rejected bean name 'dashboardMapper': no URL paths identified
2018-03-15 09:54:13.141 DEBUG 77767 --- [main] o.s.w.s.h.BeanNameUrlHandlerMapping      : Rejected bean name 'componentDescriptorMapper': no URL paths identified
2018-03-15 09:54:13.141 DEBUG 77767 --- [main] o.s.w.s.h.BeanNameUrlHandlerMapping      : Rejected bean name 'pluginMapper': no URL paths identified
2018-03-15 09:54:13.141 DEBUG 77767 --- [main] o.s.w.s.h.BeanNameUrlHandlerMapping      : Rejected bean name 'deviceCredentialsMapper': no URL paths identified
2018-03-15 09:54:13.141 DEBUG 77767 --- [main] o.s.w.s.h.BeanNameUrlHandlerMapping      : Rejected bean name 'adminSettingsMapper': no URL paths identified
2018-03-15 09:54:13.141 DEBUG 77767 --- [main] o.s.w.s.h.BeanNameUrlHandlerMapping      : Rejected bean name 'deviceMapper': no URL paths identified
2018-03-15 09:54:13.141 DEBUG 77767 --- [main] o.s.w.s.h.BeanNameUrlHandlerMapping      : Rejected bean name 'alarmMapper': no URL paths identified
2018-03-15 09:54:13.141 DEBUG 77767 --- [main] o.s.w.s.h.BeanNameUrlHandlerMapping      : Rejected bean name 'tbUserMapper': no URL paths identified
2018-03-15 09:54:13.141 DEBUG 77767 --- [main] o.s.w.s.h.BeanNameUrlHandlerMapping      : Rejected bean name 'eventMapper': no URL paths identified
2018-03-15 09:54:13.141 DEBUG 77767 --- [main] o.s.w.s.h.BeanNameUrlHandlerMapping      : Rejected bean name 'tsKvMapper': no URL paths identified
2018-03-15 09:54:13.142 DEBUG 77767 --- [main] o.s.w.s.h.BeanNameUrlHandlerMapping      : Rejected bean name 'org.springframework.transaction.annotation.ProxyTransactionManagementConfiguration': no URL paths identified
2018-03-15 09:54:13.142 DEBUG 77767 --- [main] o.s.w.s.h.BeanNameUrlHandlerMapping      : Rejected bean name 'org.springframework.transaction.config.internalTransactionAdvisor': no URL paths identified
2018-03-15 09:54:13.142 DEBUG 77767 --- [main] o.s.w.s.h.BeanNameUrlHandlerMapping      : Rejected bean name 'transactionAttributeSource': no URL paths identified
2018-03-15 09:54:13.142 DEBUG 77767 --- [main] o.s.w.s.h.BeanNameUrlHandlerMapping      : Rejected bean name 'transactionInterceptor': no URL paths identified
2018-03-15 09:54:13.142 DEBUG 77767 --- [main] o.s.w.s.h.BeanNameUrlHandlerMapping      : Rejected bean name 'org.springframework.transaction.config.internalTransactionalEventListenerFactory': no URL paths identified
2018-03-15 09:54:13.142 DEBUG 77767 --- [main] o.s.w.s.h.BeanNameUrlHandlerMapping      : Rejected bean name 'org.springframework.aop.config.internalAutoProxyCreator': no URL paths identified
2018-03-15 09:54:13.142 DEBUG 77767 --- [main] o.s.w.s.h.BeanNameUrlHandlerMapping      : Rejected bean name 'org.springframework.boot.autoconfigure.AutoConfigurationPackages': no URL paths identified
2018-03-15 09:54:13.142 DEBUG 77767 --- [main] o.s.w.s.h.BeanNameUrlHandlerMapping      : Rejected bean name 'org.springframework.boot.context.properties.ConfigurationPropertiesBindingPostProcessor': no URL paths identified
2018-03-15 09:54:13.142 DEBUG 77767 --- [main] o.s.w.s.h.BeanNameUrlHandlerMapping      : Rejected bean name 'org.springframework.boot.context.properties.ConfigurationPropertiesBindingPostProcessor.store': no URL paths identified
2018-03-15 09:54:13.142 DEBUG 77767 --- [main] o.s.w.s.h.BeanNameUrlHandlerMapping      : Rejected bean name 'org.springframework.boot.autoconfigure.PropertyPlaceholderAutoConfiguration': no URL paths identified
2018-03-15 09:54:13.142 DEBUG 77767 --- [main] o.s.w.s.h.BeanNameUrlHandlerMapping      : Rejected bean name 'org.springframework.boot.autoconfigure.condition.BeanTypeRegistry': no URL paths identified
2018-03-15 09:54:13.142 DEBUG 77767 --- [main] o.s.w.s.h.BeanNameUrlHandlerMapping      : Rejected bean name 'propertySourcesPlaceholderConfigurer': no URL paths identified
2018-03-15 09:54:13.142 DEBUG 77767 --- [main] o.s.w.s.h.BeanNameUrlHandlerMapping      : Rejected bean name 'org.springframework.boot.autoconfigure.jackson.JacksonAutoConfiguration$Jackson2ObjectMapperBuilderCustomizerConfiguration': no URL paths identified
2018-03-15 09:54:13.142 DEBUG 77767 --- [main] o.s.w.s.h.BeanNameUrlHandlerMapping      : Rejected bean name 'standardJacksonObjectMapperBuilderCustomizer': no URL paths identified
2018-03-15 09:54:13.143 DEBUG 77767 --- [main] o.s.w.s.h.BeanNameUrlHandlerMapping      : Rejected bean name 'spring.jackson-org.springframework.boot.autoconfigure.jackson.JacksonProperties': no URL paths identified
2018-03-15 09:54:13.143 DEBUG 77767 --- [main] o.s.w.s.h.BeanNameUrlHandlerMapping      : Rejected bean name 'org.springframework.boot.autoconfigure.jackson.JacksonAutoConfiguration$JacksonObjectMapperBuilderConfiguration': no URL paths identified
2018-03-15 09:54:13.143 DEBUG 77767 --- [main] o.s.w.s.h.BeanNameUrlHandlerMapping      : Rejected bean name 'jacksonObjectMapperBuilder': no URL paths identified
2018-03-15 09:54:13.143 DEBUG 77767 --- [main] o.s.w.s.h.BeanNameUrlHandlerMapping      : Rejected bean name 'org.springframework.boot.autoconfigure.jackson.JacksonAutoConfiguration$JacksonObjectMapperConfiguration': no URL paths identified
2018-03-15 09:54:13.143 DEBUG 77767 --- [main] o.s.w.s.h.BeanNameUrlHandlerMapping      : Rejected bean name 'jacksonObjectMapper': no URL paths identified
2018-03-15 09:54:13.143 DEBUG 77767 --- [main] o.s.w.s.h.BeanNameUrlHandlerMapping      : Rejected bean name 'org.springframework.boot.autoconfigure.jackson.JacksonAutoConfiguration': no URL paths identified
2018-03-15 09:54:13.143 DEBUG 77767 --- [main] o.s.w.s.h.BeanNameUrlHandlerMapping      : Rejected bean name 'jsonComponentModule': no URL paths identified
2018-03-15 09:54:13.143 DEBUG 77767 --- [main] o.s.w.s.h.BeanNameUrlHandlerMapping      : Rejected bean name 'org.springframework.boot.autoconfigure.websocket.WebSocketAutoConfiguration$TomcatWebSocketConfiguration': no URL paths identified
2018-03-15 09:54:13.143 DEBUG 77767 --- [main] o.s.w.s.h.BeanNameUrlHandlerMapping      : Rejected bean name 'websocketContainerCustomizer': no URL paths identified
2018-03-15 09:54:13.143 DEBUG 77767 --- [main] o.s.w.s.h.BeanNameUrlHandlerMapping      : Rejected bean name 'org.springframework.boot.autoconfigure.websocket.WebSocketAutoConfiguration': no URL paths identified
2018-03-15 09:54:13.173 DEBUG 77767 --- [main] o.s.w.s.h.BeanNameUrlHandlerMapping      : Rejected bean name 'org.springframework.boot.autoconfigure.web.EmbeddedServletContainerAutoConfiguration$EmbeddedTomcat': no URL paths identified
2018-03-15 09:54:13.173 DEBUG 77767 --- [main] o.s.w.s.h.BeanNameUrlHandlerMapping      : Rejected bean name 'tomcatEmbeddedServletContainerFactory': no URL paths identified
2018-03-15 09:54:13.173 DEBUG 77767 --- [main] o.s.w.s.h.BeanNameUrlHandlerMapping      : Rejected bean name 'org.springframework.boot.autoconfigure.web.EmbeddedServletContainerAutoConfiguration': no URL paths identified
2018-03-15 09:54:13.173 DEBUG 77767 --- [main] o.s.w.s.h.BeanNameUrlHandlerMapping      : Rejected bean name 'embeddedServletContainerCustomizerBeanPostProcessor': no URL paths identified
2018-03-15 09:54:13.173 DEBUG 77767 --- [main] o.s.w.s.h.BeanNameUrlHandlerMapping      : Rejected bean name 'errorPageRegistrarBeanPostProcessor': no URL paths identified
2018-03-15 09:54:13.173 DEBUG 77767 --- [main] o.s.w.s.h.BeanNameUrlHandlerMapping      : Rejected bean name 'org.springframework.boot.autoconfigure.web.DispatcherServletAutoConfiguration$DispatcherServletConfiguration': no URL paths identified
2018-03-15 09:54:13.173 DEBUG 77767 --- [main] o.s.w.s.h.BeanNameUrlHandlerMapping      : Rejected bean name 'dispatcherServlet': no URL paths identified
2018-03-15 09:54:13.173 DEBUG 77767 --- [main] o.s.w.s.h.BeanNameUrlHandlerMapping      : Rejected bean name 'spring.mvc-org.springframework.boot.autoconfigure.web.WebMvcProperties': no URL paths identified
2018-03-15 09:54:13.174 DEBUG 77767 --- [main] o.s.w.s.h.BeanNameUrlHandlerMapping      : Rejected bean name 'org.springframework.boot.autoconfigure.web.DispatcherServletAutoConfiguration$DispatcherServletRegistrationConfiguration': no URL paths identified
2018-03-15 09:54:13.174 DEBUG 77767 --- [main] o.s.w.s.h.BeanNameUrlHandlerMapping      : Rejected bean name 'dispatcherServletRegistration': no URL paths identified
2018-03-15 09:54:13.174 DEBUG 77767 --- [main] o.s.w.s.h.BeanNameUrlHandlerMapping      : Rejected bean name 'org.springframework.boot.autoconfigure.web.DispatcherServletAutoConfiguration': no URL paths identified
2018-03-15 09:54:13.174 DEBUG 77767 --- [main] o.s.w.s.h.BeanNameUrlHandlerMapping      : Rejected bean name 'org.springframework.boot.autoconfigure.web.ErrorMvcAutoConfiguration$WhitelabelErrorViewConfiguration': no URL paths identified
2018-03-15 09:54:13.174 DEBUG 77767 --- [main] o.s.w.s.h.BeanNameUrlHandlerMapping      : Rejected bean name 'error': no URL paths identified
2018-03-15 09:54:13.174 DEBUG 77767 --- [main] o.s.w.s.h.BeanNameUrlHandlerMapping      : Rejected bean name 'beanNameViewResolver': no URL paths identified
2018-03-15 09:54:13.174 DEBUG 77767 --- [main] o.s.w.s.h.BeanNameUrlHandlerMapping      : Rejected bean name 'org.springframework.boot.autoconfigure.web.ErrorMvcAutoConfiguration': no URL paths identified
2018-03-15 09:54:13.174 DEBUG 77767 --- [main] o.s.w.s.h.BeanNameUrlHandlerMapping      : Rejected bean name 'errorAttributes': no URL paths identified
2018-03-15 09:54:13.174 DEBUG 77767 --- [main] o.s.w.s.h.BeanNameUrlHandlerMapping      : Rejected bean name 'basicErrorController': no URL paths identified
2018-03-15 09:54:13.175 DEBUG 77767 --- [main] o.s.w.s.h.BeanNameUrlHandlerMapping      : Rejected bean name 'errorPageCustomizer': no URL paths identified
2018-03-15 09:54:13.175 DEBUG 77767 --- [main] o.s.w.s.h.BeanNameUrlHandlerMapping      : Rejected bean name 'conventionErrorViewResolver': no URL paths identified
2018-03-15 09:54:13.175 DEBUG 77767 --- [main] o.s.w.s.h.BeanNameUrlHandlerMapping      : Rejected bean name 'preserveErrorControllerTargetClassPostProcessor': no URL paths identified
2018-03-15 09:54:13.175 DEBUG 77767 --- [main] o.s.w.s.h.BeanNameUrlHandlerMapping      : Rejected bean name 'spring.resources-org.springframework.boot.autoconfigure.web.ResourceProperties': no URL paths identified
2018-03-15 09:54:13.175 DEBUG 77767 --- [main] o.s.w.s.h.BeanNameUrlHandlerMapping      : Rejected bean name 'org.springframework.boot.autoconfigure.web.WebMvcAutoConfiguration$EnableWebMvcConfiguration': no URL paths identified
2018-03-15 09:54:13.175 DEBUG 77767 --- [main] o.s.w.s.h.BeanNameUrlHandlerMapping      : Rejected bean name 'requestMappingHandlerAdapter': no URL paths identified
2018-03-15 09:54:13.175 DEBUG 77767 --- [main] o.s.w.s.h.BeanNameUrlHandlerMapping      : Rejected bean name 'requestMappingHandlerMapping': no URL paths identified
2018-03-15 09:54:13.175 DEBUG 77767 --- [main] o.s.w.s.h.BeanNameUrlHandlerMapping      : Rejected bean name 'mvcPathMatcher': no URL paths identified
2018-03-15 09:54:13.175 DEBUG 77767 --- [main] o.s.w.s.h.BeanNameUrlHandlerMapping      : Rejected bean name 'mvcUrlPathHelper': no URL paths identified
2018-03-15 09:54:13.175 DEBUG 77767 --- [main] o.s.w.s.h.BeanNameUrlHandlerMapping      : Rejected bean name 'mvcContentNegotiationManager': no URL paths identified
2018-03-15 09:54:13.175 DEBUG 77767 --- [main] o.s.w.s.h.BeanNameUrlHandlerMapping      : Rejected bean name 'viewControllerHandlerMapping': no URL paths identified
2018-03-15 09:54:13.175 DEBUG 77767 --- [main] o.s.w.s.h.BeanNameUrlHandlerMapping      : Rejected bean name 'beanNameHandlerMapping': no URL paths identified
2018-03-15 09:54:13.175 DEBUG 77767 --- [main] o.s.w.s.h.BeanNameUrlHandlerMapping      : Rejected bean name 'resourceHandlerMapping': no URL paths identified
2018-03-15 09:54:13.175 DEBUG 77767 --- [main] o.s.w.s.h.BeanNameUrlHandlerMapping      : Rejected bean name 'mvcResourceUrlProvider': no URL paths identified
2018-03-15 09:54:13.175 DEBUG 77767 --- [main] o.s.w.s.h.BeanNameUrlHandlerMapping      : Rejected bean name 'defaultServletHandlerMapping': no URL paths identified
2018-03-15 09:54:13.176 DEBUG 77767 --- [main] o.s.w.s.h.BeanNameUrlHandlerMapping      : Rejected bean name 'mvcConversionService': no URL paths identified
2018-03-15 09:54:13.176 DEBUG 77767 --- [main] o.s.w.s.h.BeanNameUrlHandlerMapping      : Rejected bean name 'mvcValidator': no URL paths identified
2018-03-15 09:54:13.176 DEBUG 77767 --- [main] o.s.w.s.h.BeanNameUrlHandlerMapping      : Rejected bean name 'mvcUriComponentsContributor': no URL paths identified
2018-03-15 09:54:13.176 DEBUG 77767 --- [main] o.s.w.s.h.BeanNameUrlHandlerMapping      : Rejected bean name 'httpRequestHandlerAdapter': no URL paths identified
2018-03-15 09:54:13.176 DEBUG 77767 --- [main] o.s.w.s.h.BeanNameUrlHandlerMapping      : Rejected bean name 'simpleControllerHandlerAdapter': no URL paths identified
2018-03-15 09:54:13.176 DEBUG 77767 --- [main] o.s.w.s.h.BeanNameUrlHandlerMapping      : Rejected bean name 'handlerExceptionResolver': no URL paths identified
2018-03-15 09:54:13.176 DEBUG 77767 --- [main] o.s.w.s.h.BeanNameUrlHandlerMapping      : Rejected bean name 'mvcViewResolver': no URL paths identified
2018-03-15 09:54:13.176 DEBUG 77767 --- [main] o.s.w.s.h.BeanNameUrlHandlerMapping      : Rejected bean name 'org.springframework.boot.autoconfigure.web.WebMvcAutoConfiguration$WebMvcAutoConfigurationAdapter$FaviconConfiguration': no URL paths identified
2018-03-15 09:54:13.176 DEBUG 77767 --- [main] o.s.w.s.h.BeanNameUrlHandlerMapping      : Rejected bean name 'faviconHandlerMapping': no URL paths identified
2018-03-15 09:54:13.176 DEBUG 77767 --- [main] o.s.w.s.h.BeanNameUrlHandlerMapping      : Rejected bean name 'faviconRequestHandler': no URL paths identified
2018-03-15 09:54:13.176 DEBUG 77767 --- [main] o.s.w.s.h.BeanNameUrlHandlerMapping      : Rejected bean name 'org.springframework.boot.autoconfigure.web.WebMvcAutoConfiguration$WebMvcAutoConfigurationAdapter': no URL paths identified
2018-03-15 09:54:13.176 DEBUG 77767 --- [main] o.s.w.s.h.BeanNameUrlHandlerMapping      : Rejected bean name 'defaultViewResolver': no URL paths identified
2018-03-15 09:54:13.176 DEBUG 77767 --- [main] o.s.w.s.h.BeanNameUrlHandlerMapping      : Rejected bean name 'viewResolver': no URL paths identified
2018-03-15 09:54:13.176 DEBUG 77767 --- [main] o.s.w.s.h.BeanNameUrlHandlerMapping      : Rejected bean name 'welcomePageHandlerMapping': no URL paths identified
2018-03-15 09:54:13.176 DEBUG 77767 --- [main] o.s.w.s.h.BeanNameUrlHandlerMapping      : Rejected bean name 'requestContextFilter': no URL paths identified
2018-03-15 09:54:13.177 DEBUG 77767 --- [main] o.s.w.s.h.BeanNameUrlHandlerMapping      : Rejected bean name 'org.springframework.boot.autoconfigure.web.WebMvcAutoConfiguration': no URL paths identified
2018-03-15 09:54:13.177 DEBUG 77767 --- [main] o.s.w.s.h.BeanNameUrlHandlerMapping      : Rejected bean name 'hiddenHttpMethodFilter': no URL paths identified
2018-03-15 09:54:13.177 DEBUG 77767 --- [main] o.s.w.s.h.BeanNameUrlHandlerMapping      : Rejected bean name 'httpPutFormContentFilter': no URL paths identified
2018-03-15 09:54:13.177 DEBUG 77767 --- [main] o.s.w.s.h.BeanNameUrlHandlerMapping      : Rejected bean name 'org.mybatis.spring.boot.autoconfigure.MybatisAutoConfiguration': no URL paths identified
2018-03-15 09:54:13.177 DEBUG 77767 --- [main] o.s.w.s.h.BeanNameUrlHandlerMapping      : Rejected bean name 'mybatis-org.mybatis.spring.boot.autoconfigure.MybatisProperties': no URL paths identified
2018-03-15 09:54:13.202 DEBUG 77767 --- [main] o.s.w.s.h.BeanNameUrlHandlerMapping      : Rejected bean name 'org.springframework.boot.autoconfigure.jmx.JmxAutoConfiguration': no URL paths identified
2018-03-15 09:54:13.203 DEBUG 77767 --- [main] o.s.w.s.h.BeanNameUrlHandlerMapping      : Rejected bean name 'mbeanExporter': no URL paths identified
2018-03-15 09:54:13.203 DEBUG 77767 --- [main] o.s.w.s.h.BeanNameUrlHandlerMapping      : Rejected bean name 'objectNamingStrategy': no URL paths identified
2018-03-15 09:54:13.203 DEBUG 77767 --- [main] o.s.w.s.h.BeanNameUrlHandlerMapping      : Rejected bean name 'mbeanServer': no URL paths identified
2018-03-15 09:54:13.203 DEBUG 77767 --- [main] o.s.w.s.h.BeanNameUrlHandlerMapping      : Rejected bean name 'org.springframework.boot.autoconfigure.transaction.jta.JtaAutoConfiguration': no URL paths identified
2018-03-15 09:54:13.203 DEBUG 77767 --- [main] o.s.w.s.h.BeanNameUrlHandlerMapping      : Rejected bean name 'spring.jta-org.springframework.boot.autoconfigure.transaction.jta.JtaProperties': no URL paths identified
2018-03-15 09:54:13.203 DEBUG 77767 --- [main] o.s.w.s.h.BeanNameUrlHandlerMapping      : Rejected bean name 'org.springframework.boot.autoconfigure.cassandra.CassandraAutoConfiguration': no URL paths identified
2018-03-15 09:54:13.203 DEBUG 77767 --- [main] o.s.w.s.h.BeanNameUrlHandlerMapping      : Rejected bean name 'cluster': no URL paths identified
2018-03-15 09:54:13.203 DEBUG 77767 --- [main] o.s.w.s.h.BeanNameUrlHandlerMapping      : Rejected bean name 'spring.data.cassandra-org.springframework.boot.autoconfigure.cassandra.CassandraProperties': no URL paths identified
2018-03-15 09:54:13.203 DEBUG 77767 --- [main] o.s.w.s.h.BeanNameUrlHandlerMapping      : Rejected bean name 'org.springframework.boot.autoconfigure.context.ConfigurationPropertiesAutoConfiguration': no URL paths identified
2018-03-15 09:54:13.204 DEBUG 77767 --- [main] o.s.w.s.h.BeanNameUrlHandlerMapping      : Rejected bean name 'org.springframework.boot.autoconfigure.dao.PersistenceExceptionTranslationAutoConfiguration': no URL paths identified
2018-03-15 09:54:13.204 DEBUG 77767 --- [main] o.s.w.s.h.BeanNameUrlHandlerMapping      : Rejected bean name 'persistenceExceptionTranslationPostProcessor': no URL paths identified
2018-03-15 09:54:13.204 DEBUG 77767 --- [main] o.s.w.s.h.BeanNameUrlHandlerMapping      : Rejected bean name 'org.springframework.boot.autoconfigure.gson.GsonAutoConfiguration': no URL paths identified
2018-03-15 09:54:13.204 DEBUG 77767 --- [main] o.s.w.s.h.BeanNameUrlHandlerMapping      : Rejected bean name 'gson': no URL paths identified
2018-03-15 09:54:13.204 DEBUG 77767 --- [main] o.s.w.s.h.BeanNameUrlHandlerMapping      : Rejected bean name 'org.springframework.boot.autoconfigure.web.HttpMessageConvertersAutoConfiguration$StringHttpMessageConverterConfiguration': no URL paths identified
2018-03-15 09:54:13.204 DEBUG 77767 --- [main] o.s.w.s.h.BeanNameUrlHandlerMapping      : Rejected bean name 'stringHttpMessageConverter': no URL paths identified
2018-03-15 09:54:13.204 DEBUG 77767 --- [main] o.s.w.s.h.BeanNameUrlHandlerMapping      : Rejected bean name 'spring.http.encoding-org.springframework.boot.autoconfigure.web.HttpEncodingProperties': no URL paths identified
2018-03-15 09:54:13.204 DEBUG 77767 --- [main] o.s.w.s.h.BeanNameUrlHandlerMapping      : Rejected bean name 'org.springframework.boot.autoconfigure.web.JacksonHttpMessageConvertersConfiguration$MappingJackson2HttpMessageConverterConfiguration': no URL paths identified
2018-03-15 09:54:13.204 DEBUG 77767 --- [main] o.s.w.s.h.BeanNameUrlHandlerMapping      : Rejected bean name 'mappingJackson2HttpMessageConverter': no URL paths identified
2018-03-15 09:54:13.204 DEBUG 77767 --- [main] o.s.w.s.h.BeanNameUrlHandlerMapping      : Rejected bean name 'org.springframework.boot.autoconfigure.web.JacksonHttpMessageConvertersConfiguration': no URL paths identified
2018-03-15 09:54:13.204 DEBUG 77767 --- [main] o.s.w.s.h.BeanNameUrlHandlerMapping      : Rejected bean name 'org.springframework.boot.autoconfigure.web.GsonHttpMessageConvertersConfiguration': no URL paths identified
2018-03-15 09:54:13.204 DEBUG 77767 --- [main] o.s.w.s.h.BeanNameUrlHandlerMapping      : Rejected bean name 'org.springframework.boot.autoconfigure.web.HttpMessageConvertersAutoConfiguration': no URL paths identified
2018-03-15 09:54:13.204 DEBUG 77767 --- [main] o.s.w.s.h.BeanNameUrlHandlerMapping      : Rejected bean name 'messageConverters': no URL paths identified
2018-03-15 09:54:13.204 DEBUG 77767 --- [main] o.s.w.s.h.BeanNameUrlHandlerMapping      : Rejected bean name 'org.springframework.boot.autoconfigure.security.AuthenticationManagerConfiguration$AuthenticationManagerConfigurationListener': no URL paths identified
2018-03-15 09:54:13.205 DEBUG 77767 --- [main] o.s.w.s.h.BeanNameUrlHandlerMapping      : Rejected bean name 'org.springframework.boot.autoconfigure.security.AuthenticationManagerConfiguration': no URL paths identified
2018-03-15 09:54:13.205 DEBUG 77767 --- [main] o.s.w.s.h.BeanNameUrlHandlerMapping      : Rejected bean name 'authenticationManager': no URL paths identified
2018-03-15 09:54:13.205 DEBUG 77767 --- [main] o.s.w.s.h.BeanNameUrlHandlerMapping      : Rejected bean name 'springBootAuthenticationConfigurerAdapter': no URL paths identified
2018-03-15 09:54:13.205 DEBUG 77767 --- [main] o.s.w.s.h.BeanNameUrlHandlerMapping      : Rejected bean name 'org.springframework.boot.autoconfigure.security.BootGlobalAuthenticationConfiguration': no URL paths identified
2018-03-15 09:54:13.205 DEBUG 77767 --- [main] o.s.w.s.h.BeanNameUrlHandlerMapping      : Rejected bean name 'bootGlobalAuthenticationConfigurationAdapter': no URL paths identified
2018-03-15 09:54:13.205 DEBUG 77767 --- [main] o.s.w.s.h.BeanNameUrlHandlerMapping      : Rejected bean name 'org.springframework.boot.autoconfigure.security.SecurityAutoConfiguration': no URL paths identified
2018-03-15 09:54:13.205 DEBUG 77767 --- [main] o.s.w.s.h.BeanNameUrlHandlerMapping      : Rejected bean name 'authenticationEventPublisher': no URL paths identified
2018-03-15 09:54:13.205 DEBUG 77767 --- [main] o.s.w.s.h.BeanNameUrlHandlerMapping      : Rejected bean name 'securityProperties': no URL paths identified
2018-03-15 09:54:13.205 DEBUG 77767 --- [main] o.s.w.s.h.BeanNameUrlHandlerMapping      : Rejected bean name 'org.springframework.boot.autoconfigure.info.ProjectInfoAutoConfiguration': no URL paths identified
2018-03-15 09:54:13.233 DEBUG 77767 --- [main] o.s.w.s.h.BeanNameUrlHandlerMapping      : Rejected bean name 'spring.info-org.springframework.boot.autoconfigure.info.ProjectInfoProperties': no URL paths identified
2018-03-15 09:54:13.233 DEBUG 77767 --- [main] o.s.w.s.h.BeanNameUrlHandlerMapping      : Rejected bean name 'org.springframework.boot.autoconfigure.jdbc.DataSourceTransactionManagerAutoConfiguration$DataSourceTransactionManagerConfiguration': no URL paths identified
2018-03-15 09:54:13.233 DEBUG 77767 --- [main] o.s.w.s.h.BeanNameUrlHandlerMapping      : Rejected bean name 'org.springframework.boot.autoconfigure.jdbc.DataSourceTransactionManagerAutoConfiguration': no URL paths identified
2018-03-15 09:54:13.233 DEBUG 77767 --- [main] o.s.w.s.h.BeanNameUrlHandlerMapping      : Rejected bean name 'org.springframework.boot.autoconfigure.jdbc.JdbcTemplateAutoConfiguration': no URL paths identified
2018-03-15 09:54:13.233 DEBUG 77767 --- [main] o.s.w.s.h.BeanNameUrlHandlerMapping      : Rejected bean name 'jdbcTemplate': no URL paths identified
2018-03-15 09:54:13.233 DEBUG 77767 --- [main] o.s.w.s.h.BeanNameUrlHandlerMapping      : Rejected bean name 'namedParameterJdbcTemplate': no URL paths identified
2018-03-15 09:54:13.233 DEBUG 77767 --- [main] o.s.w.s.h.BeanNameUrlHandlerMapping      : Rejected bean name 'org.springframework.boot.autoconfigure.security.SecurityFilterAutoConfiguration': no URL paths identified
2018-03-15 09:54:13.234 DEBUG 77767 --- [main] o.s.w.s.h.BeanNameUrlHandlerMapping      : Rejected bean name 'securityFilterChainRegistration': no URL paths identified
2018-03-15 09:54:13.234 DEBUG 77767 --- [main] o.s.w.s.h.BeanNameUrlHandlerMapping      : Rejected bean name 'org.springframework.boot.autoconfigure.transaction.TransactionAutoConfiguration': no URL paths identified
2018-03-15 09:54:13.234 DEBUG 77767 --- [main] o.s.w.s.h.BeanNameUrlHandlerMapping      : Rejected bean name 'transactionTemplate': no URL paths identified
2018-03-15 09:54:13.234 DEBUG 77767 --- [main] o.s.w.s.h.BeanNameUrlHandlerMapping      : Rejected bean name 'org.springframework.boot.autoconfigure.web.HttpEncodingAutoConfiguration': no URL paths identified
2018-03-15 09:54:13.234 DEBUG 77767 --- [main] o.s.w.s.h.BeanNameUrlHandlerMapping      : Rejected bean name 'characterEncodingFilter': no URL paths identified
2018-03-15 09:54:13.234 DEBUG 77767 --- [main] o.s.w.s.h.BeanNameUrlHandlerMapping      : Rejected bean name 'localeCharsetMappingsCustomizer': no URL paths identified
2018-03-15 09:54:13.234 DEBUG 77767 --- [main] o.s.w.s.h.BeanNameUrlHandlerMapping      : Rejected bean name 'org.springframework.boot.autoconfigure.web.MultipartAutoConfiguration': no URL paths identified
2018-03-15 09:54:13.234 DEBUG 77767 --- [main] o.s.w.s.h.BeanNameUrlHandlerMapping      : Rejected bean name 'multipartConfigElement': no URL paths identified
2018-03-15 09:54:13.234 DEBUG 77767 --- [main] o.s.w.s.h.BeanNameUrlHandlerMapping      : Rejected bean name 'multipartResolver': no URL paths identified
2018-03-15 09:54:13.234 DEBUG 77767 --- [main] o.s.w.s.h.BeanNameUrlHandlerMapping      : Rejected bean name 'spring.http.multipart-org.springframework.boot.autoconfigure.web.MultipartProperties': no URL paths identified
2018-03-15 09:54:13.234 DEBUG 77767 --- [main] o.s.w.s.h.BeanNameUrlHandlerMapping      : Rejected bean name 'org.springframework.boot.autoconfigure.web.ServerPropertiesAutoConfiguration': no URL paths identified
2018-03-15 09:54:13.235 DEBUG 77767 --- [main] o.s.w.s.h.BeanNameUrlHandlerMapping      : Rejected bean name 'serverProperties': no URL paths identified
2018-03-15 09:54:13.235 DEBUG 77767 --- [main] o.s.w.s.h.BeanNameUrlHandlerMapping      : Rejected bean name 'duplicateServerPropertiesDetector': no URL paths identified
2018-03-15 09:54:13.235 DEBUG 77767 --- [main] o.s.w.s.h.BeanNameUrlHandlerMapping      : Rejected bean name 'org.springframework.boot.autoconfigure.web.WebClientAutoConfiguration$RestTemplateConfiguration': no URL paths identified
2018-03-15 09:54:13.235 DEBUG 77767 --- [main] o.s.w.s.h.BeanNameUrlHandlerMapping      : Rejected bean name 'restTemplateBuilder': no URL paths identified
2018-03-15 09:54:13.235 DEBUG 77767 --- [main] o.s.w.s.h.BeanNameUrlHandlerMapping      : Rejected bean name 'org.springframework.boot.autoconfigure.web.WebClientAutoConfiguration': no URL paths identified
2018-03-15 09:54:13.235 DEBUG 77767 --- [main] o.s.w.s.h.BeanNameUrlHandlerMapping      : Rejected bean name 'autoConfigurationReport': no URL paths identified
2018-03-15 09:54:13.235 DEBUG 77767 --- [main] o.s.w.s.h.BeanNameUrlHandlerMapping      : Rejected bean name 'springApplicationArguments': no URL paths identified
2018-03-15 09:54:13.235 DEBUG 77767 --- [main] o.s.w.s.h.BeanNameUrlHandlerMapping      : Rejected bean name 'springBootBanner': no URL paths identified
2018-03-15 09:54:13.235 DEBUG 77767 --- [main] o.s.w.s.h.BeanNameUrlHandlerMapping      : Rejected bean name 'springBootLoggingSystem': no URL paths identified
2018-03-15 09:54:13.235 DEBUG 77767 --- [main] o.s.w.s.h.BeanNameUrlHandlerMapping      : Rejected bean name 'environment': no URL paths identified
2018-03-15 09:54:13.235 DEBUG 77767 --- [main] o.s.w.s.h.BeanNameUrlHandlerMapping      : Rejected bean name 'systemProperties': no URL paths identified
2018-03-15 09:54:13.236 DEBUG 77767 --- [main] o.s.w.s.h.BeanNameUrlHandlerMapping      : Rejected bean name 'systemEnvironment': no URL paths identified
2018-03-15 09:54:13.236 DEBUG 77767 --- [main] o.s.w.s.h.BeanNameUrlHandlerMapping      : Rejected bean name 'org.springframework.context.annotation.ConfigurationClassPostProcessor.importRegistry': no URL paths identified
2018-03-15 09:54:13.236 DEBUG 77767 --- [main] o.s.w.s.h.BeanNameUrlHandlerMapping      : Rejected bean name 'messageSource': no URL paths identified
2018-03-15 09:54:13.236 DEBUG 77767 --- [main] o.s.w.s.h.BeanNameUrlHandlerMapping      : Rejected bean name 'applicationEventMulticaster': no URL paths identified
2018-03-15 09:54:13.236 DEBUG 77767 --- [main] o.s.w.s.h.BeanNameUrlHandlerMapping      : Rejected bean name 'servletContext': no URL paths identified
2018-03-15 09:54:13.236 DEBUG 77767 --- [main] o.s.w.s.h.BeanNameUrlHandlerMapping      : Rejected bean name 'contextParameters': no URL paths identified
2018-03-15 09:54:13.236 DEBUG 77767 --- [main] o.s.w.s.h.BeanNameUrlHandlerMapping      : Rejected bean name 'contextAttributes': no URL paths identified
2018-03-15 09:54:13.252  INFO 77767 --- [main] o.s.w.s.handler.SimpleUrlHandlerMapping  : Mapped URL path [/static/**] onto handler of type [class org.springframework.web.servlet.resource.ResourceHttpRequestHandler]
2018-03-15 09:54:13.252  INFO 77767 --- [main] o.s.w.s.handler.SimpleUrlHandlerMapping  : Mapped URL path [/webjars/**] onto handler of type [class org.springframework.web.servlet.resource.ResourceHttpRequestHandler]
2018-03-15 09:54:13.252  INFO 77767 --- [main] o.s.w.s.handler.SimpleUrlHandlerMapping  : Mapped URL path [/**] onto handler of type [class org.springframework.web.servlet.resource.ResourceHttpRequestHandler]
2018-03-15 09:54:13.283 DEBUG 77767 --- [main] .m.m.a.ExceptionHandlerExceptionResolver : Looking for exception mappings: org.springframework.boot.context.embedded.AnnotationConfigEmbeddedWebApplicationContext@7cdbc5d3: startup date [Thu Mar 15 09:54:08 UTC 2018]; root of context hierarchy
2018-03-15 09:54:13.318  INFO 77767 --- [main] o.s.w.s.handler.SimpleUrlHandlerMapping  : Mapped URL path [/**/favicon.ico] onto handler of type [class org.springframework.web.servlet.resource.ResourceHttpRequestHandler]
2018-03-15 09:54:13.696 DEBUG 77767 --- [main] eGlobalAuthenticationAutowiredConfigurer : Eagerly initializing {webSecurityConfig=com.fnic.sysframe.config.WebSecurityConfig$$EnhancerBySpringCGLIB$$7ed1b0e4@6cd28fa7}
2018-03-15 09:54:13.848  INFO 77767 --- [main] o.s.j.e.a.AnnotationMBeanExporter        : Registering beans for JMX exposure on startup
2018-03-15 09:54:13.863 DEBUG 77767 --- [main] o.s.w.s.resource.ResourceUrlProvider     : Looking for resource handler mappings
2018-03-15 09:54:13.864 DEBUG 77767 --- [main] o.s.w.s.resource.ResourceUrlProvider     : Found resource handler mapping: URL pattern="/**/favicon.ico", locations=[ServletContext resource [/], class path resource [META-INF/resources/], class path resource [resources/], class path resource [static/], class path resource [public/], class path resource []], resolvers=[org.springframework.web.servlet.resource.PathResourceResolver@4803b726]
2018-03-15 09:54:13.864 DEBUG 77767 --- [main] o.s.w.s.resource.ResourceUrlProvider     : Found resource handler mapping: URL pattern="/static/**", locations=[class path resource [static/]], resolvers=[org.springframework.web.servlet.resource.PathResourceResolver@ffaa6af]
2018-03-15 09:54:13.864 DEBUG 77767 --- [main] o.s.w.s.resource.ResourceUrlProvider     : Found resource handler mapping: URL pattern="/webjars/**", locations=[class path resource [META-INF/resources/webjars/]], resolvers=[org.springframework.web.servlet.resource.PathResourceResolver@53ce1329]
2018-03-15 09:54:13.864 DEBUG 77767 --- [main] o.s.w.s.resource.ResourceUrlProvider     : Found resource handler mapping: URL pattern="/**", locations=[ServletContext resource [/], class path resource [META-INF/resources/], class path resource [resources/], class path resource [static/], class path resource [public/]], resolvers=[org.springframework.web.servlet.resource.PathResourceResolver@316bcf94]
2018-03-15 09:54:14.399  INFO 77767 --- [main] s.b.c.e.t.TomcatEmbeddedServletContainer : Tomcat started on port(s): 7080 (https)
2018-03-15 09:54:14.400 DEBUG 77767 --- [main] o.s.w.c.s.StandardServletEnvironment     : Adding [server.ports] PropertySource with highest search precedence
2018-03-15 09:54:14.405  INFO 77767 --- [main] com.fnic.BootApplication                 : Started BootApplication in 7.277 seconds (JVM running for 7.827)
2018-03-15 09:54:39.287 DEBUG 77767 --- [https-jsse-nio-7080-exec-9] o.s.web.servlet.DispatcherServlet        : Initializing servlet 'dispatcherServlet'
2018-03-15 09:54:39.288  INFO 77767 --- [https-jsse-nio-7080-exec-9] o.a.c.c.C.[Tomcat].[localhost].[/boot]   : Initializing Spring FrameworkServlet 'dispatcherServlet'
2018-03-15 09:54:39.289  INFO 77767 --- [https-jsse-nio-7080-exec-9] o.s.web.servlet.DispatcherServlet        : FrameworkServlet 'dispatcherServlet': initialization started
2018-03-15 09:54:39.289 DEBUG 77767 --- [https-jsse-nio-7080-exec-9] o.s.web.servlet.DispatcherServlet        : Using MultipartResolver [org.springframework.web.multipart.support.StandardServletMultipartResolver@7fd77a9a]
2018-03-15 09:54:39.295 DEBUG 77767 --- [https-jsse-nio-7080-exec-9] o.s.web.servlet.DispatcherServlet        : Unable to locate LocaleResolver with name 'localeResolver': using default [org.springframework.web.servlet.i18n.AcceptHeaderLocaleResolver@302d812b]
2018-03-15 09:54:39.300 DEBUG 77767 --- [https-jsse-nio-7080-exec-9] o.s.web.servlet.DispatcherServlet        : Unable to locate ThemeResolver with name 'themeResolver': using default [org.springframework.web.servlet.theme.FixedThemeResolver@50027e64]
2018-03-15 09:54:39.306 DEBUG 77767 --- [https-jsse-nio-7080-exec-9] o.s.web.servlet.DispatcherServlet        : Unable to locate RequestToViewNameTranslator with name 'viewNameTranslator': using default [org.springframework.web.servlet.view.DefaultRequestToViewNameTranslator@17feff12]
2018-03-15 09:54:39.312 DEBUG 77767 --- [https-jsse-nio-7080-exec-9] o.s.web.servlet.DispatcherServlet        : Unable to locate FlashMapManager with name 'flashMapManager': using default [org.springframework.web.servlet.support.SessionFlashMapManager@15af783]
2018-03-15 09:54:39.313 DEBUG 77767 --- [https-jsse-nio-7080-exec-9] o.s.web.servlet.DispatcherServlet        : Published WebApplicationContext of servlet 'dispatcherServlet' as ServletContext attribute with name [org.springframework.web.servlet.FrameworkServlet.CONTEXT.dispatcherServlet]
2018-03-15 09:54:39.313  INFO 77767 --- [https-jsse-nio-7080-exec-9] o.s.web.servlet.DispatcherServlet        : FrameworkServlet 'dispatcherServlet': initialization completed in 24 ms
2018-03-15 09:54:39.313 DEBUG 77767 --- [https-jsse-nio-7080-exec-9] o.s.web.servlet.DispatcherServlet        : Servlet 'dispatcherServlet' configured successfully
2018-03-15 09:54:39.336 DEBUG 77767 --- [https-jsse-nio-7080-exec-9] o.s.security.web.FilterChainProxy        : /login at position 1 of 14 in additional filter chain; firing Filter: 'WebAsyncManagerIntegrationFilter'
2018-03-15 09:54:39.336 DEBUG 77767 --- [https-jsse-nio-7080-exec-9] o.s.security.web.FilterChainProxy        : /login at position 2 of 14 in additional filter chain; firing Filter: 'SecurityContextPersistenceFilter'
2018-03-15 09:54:39.337 DEBUG 77767 --- [https-jsse-nio-7080-exec-9] w.c.HttpSessionSecurityContextRepository : No HttpSession currently exists
2018-03-15 09:54:39.337 DEBUG 77767 --- [https-jsse-nio-7080-exec-9] w.c.HttpSessionSecurityContextRepository : No SecurityContext was available from the HttpSession: null. A new one will be created.
2018-03-15 09:54:39.340 DEBUG 77767 --- [https-jsse-nio-7080-exec-9] o.s.security.web.FilterChainProxy        : /login at position 3 of 14 in additional filter chain; firing Filter: 'HeaderWriterFilter'
2018-03-15 09:54:39.341 DEBUG 77767 --- [https-jsse-nio-7080-exec-9] o.s.security.web.FilterChainProxy        : /login at position 4 of 14 in additional filter chain; firing Filter: 'LogoutFilter'
2018-03-15 09:54:39.341 DEBUG 77767 --- [https-jsse-nio-7080-exec-9] o.s.s.web.util.matcher.OrRequestMatcher  : Trying to match using Ant [pattern='/logout', GET]
2018-03-15 09:54:39.341 DEBUG 77767 --- [https-jsse-nio-7080-exec-9] o.s.s.w.u.matcher.AntPathRequestMatcher  : Request 'POST /login' doesn't match 'GET /logout
2018-03-15 09:54:39.341 DEBUG 77767 --- [https-jsse-nio-7080-exec-9] o.s.s.web.util.matcher.OrRequestMatcher  : Trying to match using Ant [pattern='/logout', POST]
2018-03-15 09:54:39.341 DEBUG 77767 --- [https-jsse-nio-7080-exec-9] o.s.s.w.u.matcher.AntPathRequestMatcher  : Checking match of request : '/login'; against '/logout'
2018-03-15 09:54:39.341 DEBUG 77767 --- [https-jsse-nio-7080-exec-9] o.s.s.web.util.matcher.OrRequestMatcher  : Trying to match using Ant [pattern='/logout', PUT]
2018-03-15 09:54:39.341 DEBUG 77767 --- [https-jsse-nio-7080-exec-9] o.s.s.w.u.matcher.AntPathRequestMatcher  : Request 'POST /login' doesn't match 'PUT /logout
2018-03-15 09:54:39.342 DEBUG 77767 --- [https-jsse-nio-7080-exec-9] o.s.s.web.util.matcher.OrRequestMatcher  : Trying to match using Ant [pattern='/logout', DELETE]
2018-03-15 09:54:39.342 DEBUG 77767 --- [https-jsse-nio-7080-exec-9] o.s.s.w.u.matcher.AntPathRequestMatcher  : Request 'POST /login' doesn't match 'DELETE /logout
2018-03-15 09:54:39.342 DEBUG 77767 --- [https-jsse-nio-7080-exec-9] o.s.s.web.util.matcher.OrRequestMatcher  : No matches found
2018-03-15 09:54:39.342 DEBUG 77767 --- [https-jsse-nio-7080-exec-9] o.s.security.web.FilterChainProxy        : /login at position 5 of 14 in additional filter chain; firing Filter: 'CustomUsernamePasswordAuthenticationFilter'
2018-03-15 09:54:39.342 DEBUG 77767 --- [https-jsse-nio-7080-exec-9] o.s.s.w.u.matcher.AntPathRequestMatcher  : Checking match of request : '/login'; against '/login'
2018-03-15 09:54:39.342 DEBUG 77767 --- [https-jsse-nio-7080-exec-9] stomUsernamePasswordAuthenticationFilter : Request is to process authentication
2018-03-15 09:54:39.411 DEBUG 77767 --- [https-jsse-nio-7080-exec-9] o.s.s.authentication.ProviderManager     : Authentication attempt using org.springframework.security.authentication.dao.DaoAuthenticationProvider
2018-03-15 09:54:39.499  WARN 77767 --- [https-jsse-nio-7080-exec-9] o.a.tomcat.jdbc.pool.ConnectionPool      : maxIdle is larger than maxActive, setting maxIdle to: 20
2018-03-15 09:54:39.634 DEBUG 77767 --- [https-jsse-nio-7080-exec-9] c.f.m.t.d.TbUserMapper.selectByExample   : ==>  Preparing: select id, additional_info, authority, customer_id, email, first_name, last_name, search_text, tenant_id from tb_user WHERE ( email = ? ) 
2018-03-15 09:54:39.657 DEBUG 77767 --- [https-jsse-nio-7080-exec-9] c.f.m.t.d.TbUserMapper.selectByExample   : ==> Parameters: test@fnic.cn(String)
2018-03-15 09:54:39.683 DEBUG 77767 --- [https-jsse-nio-7080-exec-9] c.f.m.t.d.TbUserMapper.selectByExample   : <==      Total: 1
2018-03-15 09:54:39.695 DEBUG 77767 --- [https-jsse-nio-7080-exec-9] c.f.m.t.d.U.selectByExample              : ==>  Preparing: select id, activate_token, enabled, password, reset_token, user_id from user_credentials WHERE ( user_id = ? ) 
2018-03-15 09:54:39.695 DEBUG 77767 --- [https-jsse-nio-7080-exec-9] c.f.m.t.d.U.selectByExample              : ==> Parameters: 1e82819365c6b4095ed3fe4e2af694f(String)
2018-03-15 09:54:39.697 DEBUG 77767 --- [https-jsse-nio-7080-exec-9] c.f.m.t.d.U.selectByExample              : <==      Total: 1
2018-03-15 09:54:39.840 DEBUG 77767 --- [https-jsse-nio-7080-exec-9] stomUsernamePasswordAuthenticationFilter : Authentication success. Updating SecurityContextHolder to contain: org.springframework.security.authentication.UsernamePasswordAuthenticationToken@e996bdbb: Principal: com.fnic.sysframe.security.SysUser@1669427f; Credentials: [PROTECTED]; Authenticated: true; Details: org.springframework.security.web.authentication.WebAuthenticationDetails@0: RemoteIpAddress: 192.168.33.195; SessionId: null; Not granted any authorities
2018-03-15 09:54:39.908 DEBUG 77767 --- [https-jsse-nio-7080-exec-9] w.c.HttpSessionSecurityContextRepository : HttpSession being created as SecurityContext is non-default
2018-03-15 09:54:45.911  INFO 77767 --- [https-jsse-nio-7080-exec-9] o.a.c.util.SessionIdGeneratorBase        : Creation of SecureRandom instance for session ID generation using [SHA1PRNG] took [5,997] milliseconds.
2018-03-15 09:54:45.918 DEBUG 77767 --- [https-jsse-nio-7080-exec-9] w.c.HttpSessionSecurityContextRepository : SecurityContext 'org.springframework.security.core.context.SecurityContextImpl@e996bdbb: Authentication: org.springframework.security.authentication.UsernamePasswordAuthenticationToken@e996bdbb: Principal: com.fnic.sysframe.security.SysUser@1669427f; Credentials: [PROTECTED]; Authenticated: true; Details: org.springframework.security.web.authentication.WebAuthenticationDetails@0: RemoteIpAddress: 192.168.33.195; SessionId: null; Not granted any authorities' stored to HttpSession: 'org.apache.catalina.session.StandardSessionFacade@1f0a9079
2018-03-15 09:54:45.930 DEBUG 77767 --- [https-jsse-nio-7080-exec-9] s.s.w.c.SecurityContextPersistenceFilter : SecurityContextHolder now cleared, as request processing completed
2018-03-15 09:56:27.815  INFO 77767 --- [Thread-2] ationConfigEmbeddedWebApplicationContext : Closing org.springframework.boot.context.embedded.AnnotationConfigEmbeddedWebApplicationContext@7cdbc5d3: startup date [Thu Mar 15 09:54:08 UTC 2018]; root of context hierarchy
2018-03-15 09:56:27.828  INFO 77767 --- [Thread-2] o.s.j.e.a.AnnotationMBeanExporter        : Unregistering JMX-exposed beans on shutdown
